2024-06-19 14:40:31 [[31merror[39m]: unhandledRejection: 400: URL_INVALID (caused by messages.RequestWebView)
RPCError: 400: URL_INVALID (caused by messages.RequestWebView)
    at RPCMessageToError (/Users/widiskel/Project/pixelfarm-bot/node_modules/telegram/errors/index.js:28:12)
    at MTProtoSender._handleRPCResult (/Users/widiskel/Project/pixelfarm-bot/node_modules/telegram/network/MTProtoSender.js:546:58)
    at MTProtoSender._processMessage (/Users/widiskel/Project/pixelfarm-bot/node_modules/telegram/network/MTProtoSender.js:476:15)
    at process.processTicksAndRejections (node:internal/process/task_queues:95:5)
    at async MTProtoSender._recvLoop (/Users/widiskel/Project/pixelfarm-bot/node_modules/telegram/network/MTProtoSender.js:424:17)
2024-06-19 14:40:31 [[31merror[39m]: unhandledRejection: 400: URL_INVALID (caused by messages.RequestWebView)
RPCError: 400: URL_INVALID (caused by messages.RequestWebView)
    at RPCMessageToError (/Users/widiskel/Project/pixelfarm-bot/node_modules/telegram/errors/index.js:28:12)
    at MTProtoSender._handleRPCResult (/Users/widiskel/Project/pixelfarm-bot/node_modules/telegram/network/MTProtoSender.js:546:58)
    at MTProtoSender._processMessage (/Users/widiskel/Project/pixelfarm-bot/node_modules/telegram/network/MTProtoSender.js:476:15)
    at process.processTicksAndRejections (node:internal/process/task_queues:95:5)
    at async MTProtoSender._recvLoop (/Users/widiskel/Project/pixelfarm-bot/node_modules/telegram/network/MTProtoSender.js:424:17)
2024-06-19 14:41:00 [[31merror[39m]: unhandledRejection: 400: URL_INVALID (caused by messages.RequestWebView)
RPCError: 400: URL_INVALID (caused by messages.RequestWebView)
    at RPCMessageToError (/Users/widiskel/Project/pixelfarm-bot/node_modules/telegram/errors/index.js:28:12)
    at MTProtoSender._handleRPCResult (/Users/widiskel/Project/pixelfarm-bot/node_modules/telegram/network/MTProtoSender.js:546:58)
    at MTProtoSender._processMessage (/Users/widiskel/Project/pixelfarm-bot/node_modules/telegram/network/MTProtoSender.js:476:15)
    at process.processTicksAndRejections (node:internal/process/task_queues:95:5)
    at async MTProtoSender._recvLoop (/Users/widiskel/Project/pixelfarm-bot/node_modules/telegram/network/MTProtoSender.js:424:17)
2024-06-19 14:41:00 [[31merror[39m]: unhandledRejection: 400: URL_INVALID (caused by messages.RequestWebView)
RPCError: 400: URL_INVALID (caused by messages.RequestWebView)
    at RPCMessageToError (/Users/widiskel/Project/pixelfarm-bot/node_modules/telegram/errors/index.js:28:12)
    at MTProtoSender._handleRPCResult (/Users/widiskel/Project/pixelfarm-bot/node_modules/telegram/network/MTProtoSender.js:546:58)
    at MTProtoSender._processMessage (/Users/widiskel/Project/pixelfarm-bot/node_modules/telegram/network/MTProtoSender.js:476:15)
    at process.processTicksAndRejections (node:internal/process/task_queues:95:5)
    at async MTProtoSender._recvLoop (/Users/widiskel/Project/pixelfarm-bot/node_modules/telegram/network/MTProtoSender.js:424:17)
2024-06-19 14:42:45 [[31merror[39m]: unhandledRejection: 400: URL_INVALID (caused by messages.RequestWebView)
RPCError: 400: URL_INVALID (caused by messages.RequestWebView)
    at RPCMessageToError (/Users/widiskel/Project/pixelfarm-bot/node_modules/telegram/errors/index.js:28:12)
    at MTProtoSender._handleRPCResult (/Users/widiskel/Project/pixelfarm-bot/node_modules/telegram/network/MTProtoSender.js:546:58)
    at MTProtoSender._processMessage (/Users/widiskel/Project/pixelfarm-bot/node_modules/telegram/network/MTProtoSender.js:476:15)
    at process.processTicksAndRejections (node:internal/process/task_queues:95:5)
    at async MTProtoSender._recvLoop (/Users/widiskel/Project/pixelfarm-bot/node_modules/telegram/network/MTProtoSender.js:424:17)
2024-06-19 14:42:45 [[31merror[39m]: unhandledRejection: 400: URL_INVALID (caused by messages.RequestWebView)
RPCError: 400: URL_INVALID (caused by messages.RequestWebView)
    at RPCMessageToError (/Users/widiskel/Project/pixelfarm-bot/node_modules/telegram/errors/index.js:28:12)
    at MTProtoSender._handleRPCResult (/Users/widiskel/Project/pixelfarm-bot/node_modules/telegram/network/MTProtoSender.js:546:58)
    at MTProtoSender._processMessage (/Users/widiskel/Project/pixelfarm-bot/node_modules/telegram/network/MTProtoSender.js:476:15)
    at process.processTicksAndRejections (node:internal/process/task_queues:95:5)
    at async MTProtoSender._recvLoop (/Users/widiskel/Project/pixelfarm-bot/node_modules/telegram/network/MTProtoSender.js:424:17)
2024-06-19 14:44:02 [[31merror[39m]: unhandledRejection: 400: URL_INVALID (caused by messages.RequestWebView)
RPCError: 400: URL_INVALID (caused by messages.RequestWebView)
    at RPCMessageToError (/Users/widiskel/Project/pixelfarm-bot/node_modules/telegram/errors/index.js:28:12)
    at MTProtoSender._handleRPCResult (/Users/widiskel/Project/pixelfarm-bot/node_modules/telegram/network/MTProtoSender.js:546:58)
    at MTProtoSender._processMessage (/Users/widiskel/Project/pixelfarm-bot/node_modules/telegram/network/MTProtoSender.js:476:15)
    at process.processTicksAndRejections (node:internal/process/task_queues:95:5)
    at async MTProtoSender._recvLoop (/Users/widiskel/Project/pixelfarm-bot/node_modules/telegram/network/MTProtoSender.js:424:17)
2024-06-19 14:44:02 [[31merror[39m]: unhandledRejection: 400: URL_INVALID (caused by messages.RequestWebView)
RPCError: 400: URL_INVALID (caused by messages.RequestWebView)
    at RPCMessageToError (/Users/widiskel/Project/pixelfarm-bot/node_modules/telegram/errors/index.js:28:12)
    at MTProtoSender._handleRPCResult (/Users/widiskel/Project/pixelfarm-bot/node_modules/telegram/network/MTProtoSender.js:546:58)
    at MTProtoSender._processMessage (/Users/widiskel/Project/pixelfarm-bot/node_modules/telegram/network/MTProtoSender.js:476:15)
    at process.processTicksAndRejections (node:internal/process/task_queues:95:5)
    at async MTProtoSender._recvLoop (/Users/widiskel/Project/pixelfarm-bot/node_modules/telegram/network/MTProtoSender.js:424:17)
2024-06-19 14:47:12 [[31merror[39m]: unhandledRejection: 400: URL_INVALID (caused by messages.RequestWebView)
RPCError: 400: URL_INVALID (caused by messages.RequestWebView)
    at RPCMessageToError (/Users/widiskel/Project/pixelfarm-bot/node_modules/telegram/errors/index.js:28:12)
    at MTProtoSender._handleRPCResult (/Users/widiskel/Project/pixelfarm-bot/node_modules/telegram/network/MTProtoSender.js:546:58)
    at MTProtoSender._processMessage (/Users/widiskel/Project/pixelfarm-bot/node_modules/telegram/network/MTProtoSender.js:476:15)
    at process.processTicksAndRejections (node:internal/process/task_queues:95:5)
    at async MTProtoSender._recvLoop (/Users/widiskel/Project/pixelfarm-bot/node_modules/telegram/network/MTProtoSender.js:424:17)
2024-06-19 14:47:12 [[31merror[39m]: unhandledRejection: 400: URL_INVALID (caused by messages.RequestWebView)
RPCError: 400: URL_INVALID (caused by messages.RequestWebView)
    at RPCMessageToError (/Users/widiskel/Project/pixelfarm-bot/node_modules/telegram/errors/index.js:28:12)
    at MTProtoSender._handleRPCResult (/Users/widiskel/Project/pixelfarm-bot/node_modules/telegram/network/MTProtoSender.js:546:58)
    at MTProtoSender._processMessage (/Users/widiskel/Project/pixelfarm-bot/node_modules/telegram/network/MTProtoSender.js:476:15)
    at process.processTicksAndRejections (node:internal/process/task_queues:95:5)
    at async MTProtoSender._recvLoop (/Users/widiskel/Project/pixelfarm-bot/node_modules/telegram/network/MTProtoSender.js:424:17)
2024-06-19 14:47:41 [[31merror[39m]: unhandledRejection: 400: URL_INVALID (caused by messages.RequestWebView)
RPCError: 400: URL_INVALID (caused by messages.RequestWebView)
    at RPCMessageToError (/Users/widiskel/Project/pixelfarm-bot/node_modules/telegram/errors/index.js:28:12)
    at MTProtoSender._handleRPCResult (/Users/widiskel/Project/pixelfarm-bot/node_modules/telegram/network/MTProtoSender.js:546:58)
    at MTProtoSender._processMessage (/Users/widiskel/Project/pixelfarm-bot/node_modules/telegram/network/MTProtoSender.js:476:15)
    at process.processTicksAndRejections (node:internal/process/task_queues:95:5)
    at async MTProtoSender._recvLoop (/Users/widiskel/Project/pixelfarm-bot/node_modules/telegram/network/MTProtoSender.js:424:17)
2024-06-19 14:47:41 [[31merror[39m]: unhandledRejection: 400: URL_INVALID (caused by messages.RequestWebView)
RPCError: 400: URL_INVALID (caused by messages.RequestWebView)
    at RPCMessageToError (/Users/widiskel/Project/pixelfarm-bot/node_modules/telegram/errors/index.js:28:12)
    at MTProtoSender._handleRPCResult (/Users/widiskel/Project/pixelfarm-bot/node_modules/telegram/network/MTProtoSender.js:546:58)
    at MTProtoSender._processMessage (/Users/widiskel/Project/pixelfarm-bot/node_modules/telegram/network/MTProtoSender.js:476:15)
    at process.processTicksAndRejections (node:internal/process/task_queues:95:5)
    at async MTProtoSender._recvLoop (/Users/widiskel/Project/pixelfarm-bot/node_modules/telegram/network/MTProtoSender.js:424:17)
2024-06-19 14:47:53 [[31merror[39m]: unhandledRejection: 400: URL_INVALID (caused by messages.RequestWebView)
RPCError: 400: URL_INVALID (caused by messages.RequestWebView)
    at RPCMessageToError (/Users/widiskel/Project/pixelfarm-bot/node_modules/telegram/errors/index.js:28:12)
    at MTProtoSender._handleRPCResult (/Users/widiskel/Project/pixelfarm-bot/node_modules/telegram/network/MTProtoSender.js:546:58)
    at MTProtoSender._processMessage (/Users/widiskel/Project/pixelfarm-bot/node_modules/telegram/network/MTProtoSender.js:476:15)
    at process.processTicksAndRejections (node:internal/process/task_queues:95:5)
    at async MTProtoSender._recvLoop (/Users/widiskel/Project/pixelfarm-bot/node_modules/telegram/network/MTProtoSender.js:424:17)
2024-06-19 14:47:53 [[31merror[39m]: unhandledRejection: 400: URL_INVALID (caused by messages.RequestWebView)
RPCError: 400: URL_INVALID (caused by messages.RequestWebView)
    at RPCMessageToError (/Users/widiskel/Project/pixelfarm-bot/node_modules/telegram/errors/index.js:28:12)
    at MTProtoSender._handleRPCResult (/Users/widiskel/Project/pixelfarm-bot/node_modules/telegram/network/MTProtoSender.js:546:58)
    at MTProtoSender._processMessage (/Users/widiskel/Project/pixelfarm-bot/node_modules/telegram/network/MTProtoSender.js:476:15)
    at process.processTicksAndRejections (node:internal/process/task_queues:95:5)
    at async MTProtoSender._recvLoop (/Users/widiskel/Project/pixelfarm-bot/node_modules/telegram/network/MTProtoSender.js:424:17)
2024-06-19 14:48:39 [[31merror[39m]: unhandledRejection: 400: URL_INVALID (caused by messages.RequestWebView)
RPCError: 400: URL_INVALID (caused by messages.RequestWebView)
    at RPCMessageToError (/Users/widiskel/Project/pixelfarm-bot/node_modules/telegram/errors/index.js:28:12)
    at MTProtoSender._handleRPCResult (/Users/widiskel/Project/pixelfarm-bot/node_modules/telegram/network/MTProtoSender.js:546:58)
    at MTProtoSender._processMessage (/Users/widiskel/Project/pixelfarm-bot/node_modules/telegram/network/MTProtoSender.js:476:15)
    at process.processTicksAndRejections (node:internal/process/task_queues:95:5)
    at async MTProtoSender._recvLoop (/Users/widiskel/Project/pixelfarm-bot/node_modules/telegram/network/MTProtoSender.js:424:17)
2024-06-19 14:48:39 [[31merror[39m]: unhandledRejection: 400: URL_INVALID (caused by messages.RequestWebView)
RPCError: 400: URL_INVALID (caused by messages.RequestWebView)
    at RPCMessageToError (/Users/widiskel/Project/pixelfarm-bot/node_modules/telegram/errors/index.js:28:12)
    at MTProtoSender._handleRPCResult (/Users/widiskel/Project/pixelfarm-bot/node_modules/telegram/network/MTProtoSender.js:546:58)
    at MTProtoSender._processMessage (/Users/widiskel/Project/pixelfarm-bot/node_modules/telegram/network/MTProtoSender.js:476:15)
    at process.processTicksAndRejections (node:internal/process/task_queues:95:5)
    at async MTProtoSender._recvLoop (/Users/widiskel/Project/pixelfarm-bot/node_modules/telegram/network/MTProtoSender.js:424:17)
2024-06-19 14:49:51 [[31merror[39m]: unhandledRejection: 400: SEND_AS_PEER_INVALID (caused by messages.RequestWebView)
RPCError: 400: SEND_AS_PEER_INVALID (caused by messages.RequestWebView)
    at RPCMessageToError (/Users/widiskel/Project/pixelfarm-bot/node_modules/telegram/errors/index.js:28:12)
    at MTProtoSender._handleRPCResult (/Users/widiskel/Project/pixelfarm-bot/node_modules/telegram/network/MTProtoSender.js:546:58)
    at MTProtoSender._processMessage (/Users/widiskel/Project/pixelfarm-bot/node_modules/telegram/network/MTProtoSender.js:476:15)
    at process.processTicksAndRejections (node:internal/process/task_queues:95:5)
    at async MTProtoSender._recvLoop (/Users/widiskel/Project/pixelfarm-bot/node_modules/telegram/network/MTProtoSender.js:424:17)
2024-06-19 14:49:51 [[31merror[39m]: unhandledRejection: 400: SEND_AS_PEER_INVALID (caused by messages.RequestWebView)
RPCError: 400: SEND_AS_PEER_INVALID (caused by messages.RequestWebView)
    at RPCMessageToError (/Users/widiskel/Project/pixelfarm-bot/node_modules/telegram/errors/index.js:28:12)
    at MTProtoSender._handleRPCResult (/Users/widiskel/Project/pixelfarm-bot/node_modules/telegram/network/MTProtoSender.js:546:58)
    at MTProtoSender._processMessage (/Users/widiskel/Project/pixelfarm-bot/node_modules/telegram/network/MTProtoSender.js:476:15)
    at process.processTicksAndRejections (node:internal/process/task_queues:95:5)
    at async MTProtoSender._recvLoop (/Users/widiskel/Project/pixelfarm-bot/node_modules/telegram/network/MTProtoSender.js:424:17)
2024-06-19 14:49:54 [[31merror[39m]: unhandledRejection: 400: SEND_AS_PEER_INVALID (caused by messages.RequestWebView)
RPCError: 400: SEND_AS_PEER_INVALID (caused by messages.RequestWebView)
    at RPCMessageToError (/Users/widiskel/Project/pixelfarm-bot/node_modules/telegram/errors/index.js:28:12)
    at MTProtoSender._handleRPCResult (/Users/widiskel/Project/pixelfarm-bot/node_modules/telegram/network/MTProtoSender.js:546:58)
    at MTProtoSender._processMessage (/Users/widiskel/Project/pixelfarm-bot/node_modules/telegram/network/MTProtoSender.js:476:15)
    at process.processTicksAndRejections (node:internal/process/task_queues:95:5)
    at async MTProtoSender._recvLoop (/Users/widiskel/Project/pixelfarm-bot/node_modules/telegram/network/MTProtoSender.js:424:17)
2024-06-19 14:49:54 [[31merror[39m]: unhandledRejection: 400: SEND_AS_PEER_INVALID (caused by messages.RequestWebView)
RPCError: 400: SEND_AS_PEER_INVALID (caused by messages.RequestWebView)
    at RPCMessageToError (/Users/widiskel/Project/pixelfarm-bot/node_modules/telegram/errors/index.js:28:12)
    at MTProtoSender._handleRPCResult (/Users/widiskel/Project/pixelfarm-bot/node_modules/telegram/network/MTProtoSender.js:546:58)
    at MTProtoSender._processMessage (/Users/widiskel/Project/pixelfarm-bot/node_modules/telegram/network/MTProtoSender.js:476:15)
    at process.processTicksAndRejections (node:internal/process/task_queues:95:5)
    at async MTProtoSender._recvLoop (/Users/widiskel/Project/pixelfarm-bot/node_modules/telegram/network/MTProtoSender.js:424:17)
2024-06-19 14:50:00 [[31merror[39m]: unhandledRejection: 400: SEND_AS_PEER_INVALID (caused by messages.RequestWebView)
RPCError: 400: SEND_AS_PEER_INVALID (caused by messages.RequestWebView)
    at RPCMessageToError (/Users/widiskel/Project/pixelfarm-bot/node_modules/telegram/errors/index.js:28:12)
    at MTProtoSender._handleRPCResult (/Users/widiskel/Project/pixelfarm-bot/node_modules/telegram/network/MTProtoSender.js:546:58)
    at MTProtoSender._processMessage (/Users/widiskel/Project/pixelfarm-bot/node_modules/telegram/network/MTProtoSender.js:476:15)
    at process.processTicksAndRejections (node:internal/process/task_queues:95:5)
    at async MTProtoSender._recvLoop (/Users/widiskel/Project/pixelfarm-bot/node_modules/telegram/network/MTProtoSender.js:424:17)
2024-06-19 14:50:00 [[31merror[39m]: unhandledRejection: 400: SEND_AS_PEER_INVALID (caused by messages.RequestWebView)
RPCError: 400: SEND_AS_PEER_INVALID (caused by messages.RequestWebView)
    at RPCMessageToError (/Users/widiskel/Project/pixelfarm-bot/node_modules/telegram/errors/index.js:28:12)
    at MTProtoSender._handleRPCResult (/Users/widiskel/Project/pixelfarm-bot/node_modules/telegram/network/MTProtoSender.js:546:58)
    at MTProtoSender._processMessage (/Users/widiskel/Project/pixelfarm-bot/node_modules/telegram/network/MTProtoSender.js:476:15)
    at process.processTicksAndRejections (node:internal/process/task_queues:95:5)
    at async MTProtoSender._recvLoop (/Users/widiskel/Project/pixelfarm-bot/node_modules/telegram/network/MTProtoSender.js:424:17)
2024-06-19 14:50:41 [[31merror[39m]: unhandledRejection: 400: SEND_AS_PEER_INVALID (caused by messages.RequestWebView)
RPCError: 400: SEND_AS_PEER_INVALID (caused by messages.RequestWebView)
    at RPCMessageToError (/Users/widiskel/Project/pixelfarm-bot/node_modules/telegram/errors/index.js:28:12)
    at MTProtoSender._handleRPCResult (/Users/widiskel/Project/pixelfarm-bot/node_modules/telegram/network/MTProtoSender.js:546:58)
    at MTProtoSender._processMessage (/Users/widiskel/Project/pixelfarm-bot/node_modules/telegram/network/MTProtoSender.js:476:15)
    at process.processTicksAndRejections (node:internal/process/task_queues:95:5)
    at async MTProtoSender._recvLoop (/Users/widiskel/Project/pixelfarm-bot/node_modules/telegram/network/MTProtoSender.js:424:17)
2024-06-19 14:50:41 [[31merror[39m]: unhandledRejection: 400: SEND_AS_PEER_INVALID (caused by messages.RequestWebView)
RPCError: 400: SEND_AS_PEER_INVALID (caused by messages.RequestWebView)
    at RPCMessageToError (/Users/widiskel/Project/pixelfarm-bot/node_modules/telegram/errors/index.js:28:12)
    at MTProtoSender._handleRPCResult (/Users/widiskel/Project/pixelfarm-bot/node_modules/telegram/network/MTProtoSender.js:546:58)
    at MTProtoSender._processMessage (/Users/widiskel/Project/pixelfarm-bot/node_modules/telegram/network/MTProtoSender.js:476:15)
    at process.processTicksAndRejections (node:internal/process/task_queues:95:5)
    at async MTProtoSender._recvLoop (/Users/widiskel/Project/pixelfarm-bot/node_modules/telegram/network/MTProtoSender.js:424:17)
2024-06-19 14:59:10 [[31merror[39m]: unhandledRejection: Helper is not defined
ReferenceError: Helper is not defined
    at Core.<anonymous> (/Users/widiskel/Project/pixelfarm-bot/dist/processor/core.js:60:52)
    at Generator.next (<anonymous>)
    at fulfilled (/Users/widiskel/Project/pixelfarm-bot/dist/processor/core.js:5:58)
    at process.processTicksAndRejections (node:internal/process/task_queues:95:5)
2024-06-19 14:59:10 [[31merror[39m]: unhandledRejection: Helper is not defined
ReferenceError: Helper is not defined
    at Core.<anonymous> (/Users/widiskel/Project/pixelfarm-bot/dist/processor/core.js:60:52)
    at Generator.next (<anonymous>)
    at fulfilled (/Users/widiskel/Project/pixelfarm-bot/dist/processor/core.js:5:58)
    at process.processTicksAndRejections (node:internal/process/task_queues:95:5)
2024-06-19 15:00:11 [[31merror[39m]: unhandledRejection: Helper is not defined
ReferenceError: Helper is not defined
    at Core.<anonymous> (/Users/widiskel/Project/pixelfarm-bot/dist/processor/core.js:60:52)
    at Generator.next (<anonymous>)
    at fulfilled (/Users/widiskel/Project/pixelfarm-bot/dist/processor/core.js:5:58)
    at process.processTicksAndRejections (node:internal/process/task_queues:95:5)
2024-06-19 15:00:11 [[31merror[39m]: unhandledRejection: Helper is not defined
ReferenceError: Helper is not defined
    at Core.<anonymous> (/Users/widiskel/Project/pixelfarm-bot/dist/processor/core.js:60:52)
    at Generator.next (<anonymous>)
    at fulfilled (/Users/widiskel/Project/pixelfarm-bot/dist/processor/core.js:5:58)
    at process.processTicksAndRejections (node:internal/process/task_queues:95:5)
2024-06-21 13:35:48 [[31merror[39m]: unhandledRejection: Your API ID or Hash cannot be empty or undefined
Error: Your API ID or Hash cannot be empty or undefined
    at new TelegramBaseClient (/Users/widiskel/Project/telegram-query-getter/node_modules/telegram/client/telegramBaseClient.js:62:19)
    at new TelegramClient (/Users/widiskel/Project/telegram-query-getter/node_modules/telegram/client/TelegramClient.js:69:9)
    at /Users/widiskel/Project/telegram-query-getter/dist/index.js:25:20
    at Generator.next (<anonymous>)
    at /Users/widiskel/Project/telegram-query-getter/dist/index.js:8:71
    at new Promise (<anonymous>)
    at __awaiter (/Users/widiskel/Project/telegram-query-getter/dist/index.js:4:12)
    at /Users/widiskel/Project/telegram-query-getter/dist/index.js:23:8
    at Object.<anonymous> (/Users/widiskel/Project/telegram-query-getter/dist/index.js:37:4)
    at Module._compile (node:internal/modules/cjs/loader:1480:14)
2024-06-21 13:35:48 [[31merror[39m]: unhandledRejection: Your API ID or Hash cannot be empty or undefined
Error: Your API ID or Hash cannot be empty or undefined
    at new TelegramBaseClient (/Users/widiskel/Project/telegram-query-getter/node_modules/telegram/client/telegramBaseClient.js:62:19)
    at new TelegramClient (/Users/widiskel/Project/telegram-query-getter/node_modules/telegram/client/TelegramClient.js:69:9)
    at /Users/widiskel/Project/telegram-query-getter/dist/index.js:25:20
    at Generator.next (<anonymous>)
    at /Users/widiskel/Project/telegram-query-getter/dist/index.js:8:71
    at new Promise (<anonymous>)
    at __awaiter (/Users/widiskel/Project/telegram-query-getter/dist/index.js:4:12)
    at /Users/widiskel/Project/telegram-query-getter/dist/index.js:23:8
    at Object.<anonymous> (/Users/widiskel/Project/telegram-query-getter/dist/index.js:37:4)
    at Module._compile (node:internal/modules/cjs/loader:1480:14)
2024-06-21 13:35:55 [[31merror[39m]: unhandledRejection: Your API ID or Hash cannot be empty or undefined
Error: Your API ID or Hash cannot be empty or undefined
    at new TelegramBaseClient (/Users/widiskel/Project/telegram-query-getter/node_modules/telegram/client/telegramBaseClient.js:62:19)
    at new TelegramClient (/Users/widiskel/Project/telegram-query-getter/node_modules/telegram/client/TelegramClient.js:69:9)
    at /Users/widiskel/Project/telegram-query-getter/dist/index.js:25:20
    at Generator.next (<anonymous>)
    at /Users/widiskel/Project/telegram-query-getter/dist/index.js:8:71
    at new Promise (<anonymous>)
    at __awaiter (/Users/widiskel/Project/telegram-query-getter/dist/index.js:4:12)
    at /Users/widiskel/Project/telegram-query-getter/dist/index.js:23:8
    at Object.<anonymous> (/Users/widiskel/Project/telegram-query-getter/dist/index.js:37:4)
    at Module._compile (node:internal/modules/cjs/loader:1480:14)
2024-06-21 13:35:55 [[31merror[39m]: unhandledRejection: Your API ID or Hash cannot be empty or undefined
Error: Your API ID or Hash cannot be empty or undefined
    at new TelegramBaseClient (/Users/widiskel/Project/telegram-query-getter/node_modules/telegram/client/telegramBaseClient.js:62:19)
    at new TelegramClient (/Users/widiskel/Project/telegram-query-getter/node_modules/telegram/client/TelegramClient.js:69:9)
    at /Users/widiskel/Project/telegram-query-getter/dist/index.js:25:20
    at Generator.next (<anonymous>)
    at /Users/widiskel/Project/telegram-query-getter/dist/index.js:8:71
    at new Promise (<anonymous>)
    at __awaiter (/Users/widiskel/Project/telegram-query-getter/dist/index.js:4:12)
    at /Users/widiskel/Project/telegram-query-getter/dist/index.js:23:8
    at Object.<anonymous> (/Users/widiskel/Project/telegram-query-getter/dist/index.js:37:4)
    at Module._compile (node:internal/modules/cjs/loader:1480:14)
2024-06-21 13:38:04 [[31merror[39m]: unhandledRejection: Your API ID or Hash cannot be empty or undefined
Error: Your API ID or Hash cannot be empty or undefined
    at new TelegramBaseClient (/Users/widiskel/Project/telegram-query-getter/node_modules/telegram/client/telegramBaseClient.js:62:19)
    at new TelegramClient (/Users/widiskel/Project/telegram-query-getter/node_modules/telegram/client/TelegramClient.js:69:9)
    at /Users/widiskel/Project/telegram-query-getter/dist/index.js:25:20
    at Generator.next (<anonymous>)
    at /Users/widiskel/Project/telegram-query-getter/dist/index.js:8:71
    at new Promise (<anonymous>)
    at __awaiter (/Users/widiskel/Project/telegram-query-getter/dist/index.js:4:12)
    at /Users/widiskel/Project/telegram-query-getter/dist/index.js:23:8
    at Object.<anonymous> (/Users/widiskel/Project/telegram-query-getter/dist/index.js:38:4)
    at Module._compile (node:internal/modules/cjs/loader:1480:14)
2024-06-21 13:38:04 [[31merror[39m]: unhandledRejection: Your API ID or Hash cannot be empty or undefined
Error: Your API ID or Hash cannot be empty or undefined
    at new TelegramBaseClient (/Users/widiskel/Project/telegram-query-getter/node_modules/telegram/client/telegramBaseClient.js:62:19)
    at new TelegramClient (/Users/widiskel/Project/telegram-query-getter/node_modules/telegram/client/TelegramClient.js:69:9)
    at /Users/widiskel/Project/telegram-query-getter/dist/index.js:25:20
    at Generator.next (<anonymous>)
    at /Users/widiskel/Project/telegram-query-getter/dist/index.js:8:71
    at new Promise (<anonymous>)
    at __awaiter (/Users/widiskel/Project/telegram-query-getter/dist/index.js:4:12)
    at /Users/widiskel/Project/telegram-query-getter/dist/index.js:23:8
    at Object.<anonymous> (/Users/widiskel/Project/telegram-query-getter/dist/index.js:38:4)
    at Module._compile (node:internal/modules/cjs/loader:1480:14)
2024-06-21 13:40:53 [[31merror[39m]: unhandledRejection: Cannot cast () => __awaiter(this, void 0, void 0, function* () { return yield input_1.default.text("Enter bot username you want to connect ?"); }) to any kind of peer
Error: Cannot cast () => __awaiter(this, void 0, void 0, function* () { return yield input_1.default.text("Enter bot username you want to connect ?"); }) to any kind of peer
    at _raiseCastFail (/Users/widiskel/Project/telegram-query-getter/node_modules/telegram/Utils.js:84:11)
    at Object.getPeer (/Users/widiskel/Project/telegram-query-getter/node_modules/telegram/Utils.js:987:5)
    at Object.getInputEntity (/Users/widiskel/Project/telegram-query-getter/node_modules/telegram/client/users.js:281:22)
    at TelegramClient.getInputEntity (/Users/widiskel/Project/telegram-query-getter/node_modules/telegram/client/TelegramClient.js:994:28)
    at Object.getEntity (/Users/widiskel/Project/telegram-query-getter/node_modules/telegram/client/users.js:158:38)
    at TelegramClient.getEntity (/Users/widiskel/Project/telegram-query-getter/node_modules/telegram/client/TelegramClient.js:957:28)
    at Core.<anonymous> (/Users/widiskel/Project/telegram-query-getter/dist/processor/core.js:29:51)
    at Generator.next (<anonymous>)
    at /Users/widiskel/Project/telegram-query-getter/dist/processor/core.js:8:71
    at new Promise (<anonymous>)
2024-06-21 13:40:53 [[31merror[39m]: unhandledRejection: Cannot cast () => __awaiter(this, void 0, void 0, function* () { return yield input_1.default.text("Enter bot username you want to connect ?"); }) to any kind of peer
Error: Cannot cast () => __awaiter(this, void 0, void 0, function* () { return yield input_1.default.text("Enter bot username you want to connect ?"); }) to any kind of peer
    at _raiseCastFail (/Users/widiskel/Project/telegram-query-getter/node_modules/telegram/Utils.js:84:11)
    at Object.getPeer (/Users/widiskel/Project/telegram-query-getter/node_modules/telegram/Utils.js:987:5)
    at Object.getInputEntity (/Users/widiskel/Project/telegram-query-getter/node_modules/telegram/client/users.js:281:22)
    at TelegramClient.getInputEntity (/Users/widiskel/Project/telegram-query-getter/node_modules/telegram/client/TelegramClient.js:994:28)
    at Object.getEntity (/Users/widiskel/Project/telegram-query-getter/node_modules/telegram/client/users.js:158:38)
    at TelegramClient.getEntity (/Users/widiskel/Project/telegram-query-getter/node_modules/telegram/client/TelegramClient.js:957:28)
    at Core.<anonymous> (/Users/widiskel/Project/telegram-query-getter/dist/processor/core.js:29:51)
    at Generator.next (<anonymous>)
    at /Users/widiskel/Project/telegram-query-getter/dist/processor/core.js:8:71
    at new Promise (<anonymous>)
2024-06-21 13:55:47 [[31merror[39m]: unhandledRejection: You need to set Bot Username and Bot Web Apps URL
Error: You need to set Bot Username and Bot Web Apps URL
    at Core.<anonymous> (/Users/widiskel/Project/telegram-query-getter/dist/processor/core.js:92:27)
    at Generator.next (<anonymous>)
    at fulfilled (/Users/widiskel/Project/telegram-query-getter/dist/processor/core.js:5:58)
    at process.processTicksAndRejections (node:internal/process/task_queues:95:5)
2024-06-21 13:55:47 [[31merror[39m]: unhandledRejection: You need to set Bot Username and Bot Web Apps URL
Error: You need to set Bot Username and Bot Web Apps URL
    at Core.<anonymous> (/Users/widiskel/Project/telegram-query-getter/dist/processor/core.js:92:27)
    at Generator.next (<anonymous>)
    at fulfilled (/Users/widiskel/Project/telegram-query-getter/dist/processor/core.js:5:58)
    at process.processTicksAndRejections (node:internal/process/task_queues:95:5)
2024-06-21 13:56:17 [[31merror[39m]: unhandledRejection: You need to set Bot Username and Bot Web Apps URL
Error: You need to set Bot Username and Bot Web Apps URL
    at Core.<anonymous> (/Users/widiskel/Project/telegram-query-getter/dist/processor/core.js:93:27)
    at Generator.next (<anonymous>)
    at fulfilled (/Users/widiskel/Project/telegram-query-getter/dist/processor/core.js:5:58)
    at process.processTicksAndRejections (node:internal/process/task_queues:95:5)
2024-06-21 13:56:17 [[31merror[39m]: unhandledRejection: You need to set Bot Username and Bot Web Apps URL
Error: You need to set Bot Username and Bot Web Apps URL
    at Core.<anonymous> (/Users/widiskel/Project/telegram-query-getter/dist/processor/core.js:93:27)
    at Generator.next (<anonymous>)
    at fulfilled (/Users/widiskel/Project/telegram-query-getter/dist/processor/core.js:5:58)
    at process.processTicksAndRejections (node:internal/process/task_queues:95:5)
2024-06-21 13:57:03 [[31merror[39m]: unhandledRejection: You need to set Bot Username and Bot Web Apps URL
Error: You need to set Bot Username and Bot Web Apps URL
    at Core.<anonymous> (/Users/widiskel/Project/telegram-query-getter/dist/processor/core.js:93:27)
    at Generator.next (<anonymous>)
    at fulfilled (/Users/widiskel/Project/telegram-query-getter/dist/processor/core.js:5:58)
    at process.processTicksAndRejections (node:internal/process/task_queues:95:5)
2024-06-21 13:57:03 [[31merror[39m]: unhandledRejection: You need to set Bot Username and Bot Web Apps URL
Error: You need to set Bot Username and Bot Web Apps URL
    at Core.<anonymous> (/Users/widiskel/Project/telegram-query-getter/dist/processor/core.js:93:27)
    at Generator.next (<anonymous>)
    at fulfilled (/Users/widiskel/Project/telegram-query-getter/dist/processor/core.js:5:58)
    at process.processTicksAndRejections (node:internal/process/task_queues:95:5)
